<?xml version="1.0" encoding="UTF-8"?>
<!-- Generated by org.testng.reporters.JUnitReportReporter -->
<testsuite hostname="Harrines-MacBook-Pro.local" failures="0" tests="2" name="com.neev.practice.training.NewTest" time="0.000" errors="0" timestamp="2021-04-15T15:03:12 IST" skipped="0">
  <testcase classname="com.neev.practice.training.NewTest" name="newTestCase1" time="0.000"/>
  <system-out/>
  <testcase classname="com.neev.practice.training.NewTest" name="newTestCase" time="0.000"/>
  <system-out/>
</testsuite> <!-- com.neev.practice.training.NewTest -->
