<?xml version="1.0" encoding="UTF-8"?>
<!-- Generated by org.testng.reporters.JUnitReportReporter -->
<testsuite hostname="Harrines-MacBook-Pro.local" failures="0" tests="2" name="com.neev.practice.training.LoginTest" time="0.005" errors="0" timestamp="2021-04-15T15:03:12 IST" skipped="0">
  <testcase classname="com.neev.practice.training.LoginTest" name="loginTestCase" time="0.002"/>
  <system-out/>
  <testcase classname="com.neev.practice.training.LoginTest" name="loginTestCase1" time="0.003"/>
  <system-out/>
</testsuite> <!-- com.neev.practice.training.LoginTest -->
