<?xml version="1.0" encoding="UTF-8"?>
<!-- Generated by org.testng.reporters.JUnitReportReporter -->
<testsuite hostname="Harrines-MacBook-Pro.local" failures="0" tests="1" name="com.neev.practice.training.AppTest" time="0.002" errors="0" timestamp="2021-04-15T13:44:22 IST" skipped="0">
  <testcase classname="com.neev.practice.training.AppTest" name="appHasAGreeting" time="0.002"/>
  <system-out/>
</testsuite> <!-- com.neev.practice.training.AppTest -->
